#
# There is insufficient memory for the Java Runtime Environment to continue.
# Native memory allocation (mmap) failed to map 65536 bytes for Failed to commit metaspace.
# Possible reasons:
#   The system is out of physical RAM or swap space
#   The process is running with CompressedOops enabled, and the Java Heap may be blocking the growth of the native heap
# Possible solutions:
#   Reduce memory load on the system
#   Increase physical memory or swap space
#   Check if swap backing store is full
#   Decrease Java heap size (-Xmx/-Xms)
#   Decrease number of Java threads
#   Decrease Java thread stack sizes (-Xss)
#   Set larger code cache with -XX:ReservedCodeCacheSize=
#   JVM is running with Unscaled Compressed Oops mode in which the Java heap is
#     placed in the first 4GB address space. The Java Heap base address is the
#     maximum limit for the native heap growth. Please use -XX:HeapBaseMinAddress
#     to set the Java Heap base and to place the Java Heap above 4GB virtual address.
# This output file may be truncated or incomplete.
#
#  Out of Memory Error (virtualSpaceNode.cpp:110), pid=11572, tid=12028
#
# JRE version: OpenJDK Runtime Environment Temurin-17.0.2+8 (17.0.2+8) (build 17.0.2+8)
# Java VM: OpenJDK 64-Bit Server VM Temurin-17.0.2+8 (17.0.2+8, mixed mode, tiered, compressed oops, compressed class ptrs, parallel gc, windows-amd64)
# No core dump will be written. Minidumps are not enabled by default on client versions of Windows
#

---------------  S U M M A R Y ------------

Command Line: --add-modules=ALL-SYSTEM --add-opens=java.base/java.util=ALL-UNNAMED --add-opens=java.base/java.lang=ALL-UNNAMED --add-opens=java.base/sun.nio.fs=ALL-UNNAMED -Declipse.application=org.eclipse.jdt.ls.core.id1 -Dosgi.bundles.defaultStartLevel=4 -Declipse.product=org.eclipse.jdt.ls.core.product -Djava.import.generatesMetadataFilesAtProjectRoot=false -Dfile.encoding=utf8 -DwatchParentProcess=false -XX:+UseParallelGC -XX:GCTimeRatio=4 -XX:AdaptiveSizePolicyWeight=90 -Dsun.zip.disableMemoryMapping=true -Xmx1G -Xms100m c:\Users\26067715.TOKENINC\.vscode\extensions\redhat.java-1.4.0\server\plugins\org.eclipse.equinox.launcher_1.6.400.v20210924-0641.jar -configuration c:\Users\26067715.TOKENINC\AppData\Roaming\Code\User\globalStorage\redhat.java\1.4.0\config_ss_win -data c:\Users\26067715.TOKENINC\AppData\Roaming\Code\User\workspaceStorage\0fae35c8f55a8ce1e2fe4019d02bee47\redhat.java\ss_ws

Host: Intel(R) Core(TM) i7-10610U CPU @ 1.80GHz, 8 cores, 31G,  Windows 10 , 64 bit Build 19041 (10.0.19041.1348)
Time: Wed Mar 23 23:56:50 2022 Turkey Standard Time elapsed time: 0.137587 seconds (0d 0h 0m 0s)

---------------  T H R E A D  ---------------

Current thread (0x00000231f4fee070):  JavaThread "main" [_thread_in_vm, id=12028, stack(0x000000e27fa00000,0x000000e27fb00000)]

Stack: [0x000000e27fa00000,0x000000e27fb00000]
Native frames: (J=compiled Java code, j=interpreted, Vv=VM code, C=native code)
V  [jvm.dll+0x67564a]
V  [jvm.dll+0x82fc04]
V  [jvm.dll+0x8313ae]
V  [jvm.dll+0x831a13]
V  [jvm.dll+0x245235]
V  [jvm.dll+0x82bbab]
V  [jvm.dll+0x61a336]
V  [jvm.dll+0x61a39a]
V  [jvm.dll+0x61cbba]
V  [jvm.dll+0x61acd6]
V  [jvm.dll+0x242c8c]
V  [jvm.dll+0x6cb9ed]
V  [jvm.dll+0x6cc41f]
V  [jvm.dll+0x36f9b3]
V  [jvm.dll+0x36eb72]
V  [jvm.dll+0x36eb18]
V  [jvm.dll+0x37e90a]
C  0x000002318001af2e

Java frames: (J=compiled Java code, j=interpreted, Vv=VM code)
j  java.lang.invoke.LambdaFormEditor.buffer()Ljava/lang/invoke/LambdaFormBuffer;+0 java.base@17.0.2
j  java.lang.invoke.LambdaFormEditor.bindArgumentForm(I)Ljava/lang/invoke/LambdaForm;+53 java.base@17.0.2
j  java.lang.invoke.LambdaFormEditor.bindArgumentL(Ljava/lang/invoke/BoundMethodHandle;ILjava/lang/Object;)Ljava/lang/invoke/BoundMethodHandle;+44 java.base@17.0.2
j  java.lang.invoke.BoundMethodHandle.bindArgumentL(ILjava/lang/Object;)Ljava/lang/invoke/BoundMethodHandle;+7 java.base@17.0.2
j  java.lang.invoke.MethodHandle.bindArgumentL(ILjava/lang/Object;)Ljava/lang/invoke/BoundMethodHandle;+6 java.base@17.0.2
j  java.lang.invoke.MethodHandle.bindTo(Ljava/lang/Object;)Ljava/lang/invoke/MethodHandle;+15 java.base@17.0.2
j  java.lang.invoke.MethodHandles.constant(Ljava/lang/Class;Ljava/lang/Object;)Ljava/lang/invoke/MethodHandle;+84 java.base@17.0.2
j  java.lang.invoke.InnerClassLambdaMetafactory.buildCallSite()Ljava/lang/invoke/CallSite;+143 java.base@17.0.2
j  java.lang.invoke.LambdaMetafactory.metafactory(Ljava/lang/invoke/MethodHandles$Lookup;Ljava/lang/String;Ljava/lang/invoke/MethodType;Ljava/lang/invoke/MethodType;Ljava/lang/invoke/MethodHandle;Ljava/lang/invoke/MethodType;)Ljava/lang/invoke/CallSite;+67 java.base@17.0.2
j  java.lang.invoke.DirectMethodHandle$Holder.invokeStatic(Ljava/lang/Object;Ljava/lang/Object;Ljava/lang/Object;Ljava/lang/Object;Ljava/lang/Object;Ljava/lang/Object;Ljava/lang/Object;)Ljava/lang/Object;+20 java.base@17.0.2
j  java.lang.invoke.Invokers$Holder.invokeExact_MT(Ljava/lang/Object;Ljava/lang/Object;Ljava/lang/Object;Ljava/lang/Object;Ljava/lang/Object;Ljava/lang/Object;Ljava/lang/Object;Ljava/lang/Object;)Ljava/lang/Object;+28 java.base@17.0.2
j  java.lang.invoke.BootstrapMethodInvoker.invoke(Ljava/lang/Class;Ljava/lang/invoke/MethodHandle;Ljava/lang/String;Ljava/lang/Object;Ljava/lang/Object;Ljava/lang/Class;)Ljava/lang/Object;+319 java.base@17.0.2
j  java.lang.invoke.CallSite.makeSite(Ljava/lang/invoke/MethodHandle;Ljava/lang/String;Ljava/lang/invoke/MethodType;Ljava/lang/Object;Ljava/lang/Class;)Ljava/lang/invoke/CallSite;+8 java.base@17.0.2
j  java.lang.invoke.MethodHandleNatives.linkCallSiteImpl(Ljava/lang/Class;Ljava/lang/invoke/MethodHandle;Ljava/lang/String;Ljava/lang/invoke/MethodType;Ljava/lang/Object;[Ljava/lang/Object;)Ljava/lang/invoke/MemberName;+6 java.base@17.0.2
j  java.lang.invoke.MethodHandleNatives.linkCallSite(Ljava/lang/Object;ILjava/lang/Object;Ljava/lang/Object;Ljava/lang/Object;Ljava/lang/Object;[Ljava/lang/Object;)Ljava/lang/invoke/MemberName;+46 java.base@17.0.2
v  ~StubRoutines::call_stub
j  jdk.internal.module.DefaultRoots.compute(Ljava/lang/module/ModuleFinder;Ljava/lang/module/ModuleFinder;)Ljava/util/Set;+11 java.base@17.0.2
j  jdk.internal.module.ModuleBootstrap.boot2()Ljava/lang/ModuleLayer;+727 java.base@17.0.2
j  jdk.internal.module.ModuleBootstrap.boot()Ljava/lang/ModuleLayer;+64 java.base@17.0.2
j  java.lang.System.initPhase2(ZZ)I+0 java.base@17.0.2
v  ~StubRoutines::call_stub

---------------  P R O C E S S  ---------------

Threads class SMR info:
_java_thread_list=0x00000231fc107c70, length=10, elements={
0x00000231f4fee070, 0x00000231fc103ea0, 0x00000231fc105470, 0x00000231fdc36e90,
0x00000231fc1093e0, 0x00000231fc10a870, 0x00000231fc10e4c0, 0x00000231fdc5e930,
0x00000231fdc61b80, 0x00000231fdc6d4f0
}

Java Threads: ( => current thread )
=>0x00000231f4fee070 JavaThread "main" [_thread_in_vm, id=12028, stack(0x000000e27fa00000,0x000000e27fb00000)]
  0x00000231fc103ea0 JavaThread "Reference Handler" daemon [_thread_blocked, id=22584, stack(0x000000e27fd00000,0x000000e27fe00000)]
  0x00000231fc105470 JavaThread "Finalizer" daemon [_thread_blocked, id=24032, stack(0x000000e27fe00000,0x000000e27ff00000)]
  0x00000231fdc36e90 JavaThread "Signal Dispatcher" daemon [_thread_blocked, id=12196, stack(0x000000e27ff00000,0x000000e280000000)]
  0x00000231fc1093e0 JavaThread "Attach Listener" daemon [_thread_blocked, id=18304, stack(0x000000e200000000,0x000000e200100000)]
  0x00000231fc10a870 JavaThread "Service Thread" daemon [_thread_blocked, id=8040, stack(0x000000e200100000,0x000000e200200000)]
  0x00000231fc10e4c0 JavaThread "Monitor Deflation Thread" daemon [_thread_blocked, id=23920, stack(0x000000e200200000,0x000000e200300000)]
  0x00000231fdc5e930 JavaThread "C2 CompilerThread0" daemon [_thread_blocked, id=23812, stack(0x000000e200300000,0x000000e200400000)]
  0x00000231fdc61b80 JavaThread "C1 CompilerThread0" daemon [_thread_blocked, id=16976, stack(0x000000e200400000,0x000000e200500000)]
  0x00000231fdc6d4f0 JavaThread "Sweeper thread" daemon [_thread_blocked, id=16192, stack(0x000000e200500000,0x000000e200600000)]

Other Threads:
  0x00000231fdc11c30 VMThread "VM Thread" [stack: 0x000000e27fc00000,0x000000e27fd00000] [id=9292]
  0x00000231f72bd5f0 GCTaskThread "GC Thread#0" [stack: 0x000000e27fb00000,0x000000e27fc00000] [id=20544]

Threads with active compile tasks:

VM state: not at safepoint (normal execution)

VM Mutex/Monitor currently owned by a thread:  ([mutex/lock_event])
[0x00000231f7295a10] Metaspace_lock - owner thread: 0x00000231f4fee070

Heap address: 0x00000000c0000000, size: 1024 MB, Compressed Oops mode: 32-bit

CDS archive(s) not mapped
Compressed class space mapped at: 0x0000000100000000-0x0000000140000000, reserved size: 1073741824
Narrow klass base: 0x0000000000000000, Narrow klass shift: 3, Narrow klass range: 0x140000000

GC Precious Log:
 CPUs: 8 total, 8 available
 Memory: 32364M
 Large Page Support: Disabled
 NUMA Support: Disabled
 Compressed Oops: Enabled (32-bit)
 Alignments: Space 512K, Generation 512K, Heap 2M
 Heap Min Capacity: 100M
 Heap Initial Capacity: 100M
 Heap Max Capacity: 1G
 Pre-touch: Disabled
 Parallel Workers: 8

Heap:
 PSYoungGen      total 29696K, used 1536K [0x00000000eab00000, 0x00000000ecc00000, 0x0000000100000000)
  eden space 25600K, 6% used [0x00000000eab00000,0x00000000eac801a8,0x00000000ec400000)
  from space 4096K, 0% used [0x00000000ec800000,0x00000000ec800000,0x00000000ecc00000)
  to   space 4096K, 0% used [0x00000000ec400000,0x00000000ec400000,0x00000000ec800000)
 ParOldGen       total 68608K, used 0K [0x00000000c0000000, 0x00000000c4300000, 0x00000000eab00000)
  object space 68608K, 0% used [0x00000000c0000000,0x00000000c0000000,0x00000000c4300000)
 Metaspace       used 3923K, committed 3968K, reserved 1056768K
  class space    used 341K, committed 384K, reserved 1048576K

Card table byte_map: [0x00000231f6c70000,0x00000231f6e80000] _byte_map_base: 0x00000231f6670000

Marking Bits: (ParMarkBitMap*) 0x00007ffebe4c3af0
 Begin Bits: [0x00000231f9f10000, 0x00000231faf10000)
 End Bits:   [0x00000231faf10000, 0x00000231fbf10000)

Polling page: 0x00000231f6a60000

Metaspace:

Usage:
  Non-class:      3.50 MB used.
      Class:    341.44 KB used.
       Both:      3.83 MB used.

Virtual space:
  Non-class space:        8.00 MB reserved,       3.50 MB ( 44%) committed,  1 nodes.
      Class space:        1.00 GB reserved,     384.00 KB ( <1%) committed,  1 nodes.
             Both:        1.01 GB reserved,       3.88 MB ( <1%) committed. 

Chunk freelists:
   Non-Class:  0 bytes
       Class:  3.62 MB
        Both:  3.62 MB

MaxMetaspaceSize: unlimited
CompressedClassSpaceSize: 1.00 GB
Initial GC threshold: 21.00 MB
Current GC threshold: 21.00 MB
CDS: off
MetaspaceReclaimPolicy: balanced
 - commit_granule_bytes: 65536.
 - commit_granule_words: 8192.
 - virtual_space_node_default_size: 1048576.
 - enlarge_chunks_in_place: 1.
 - new_chunks_are_fully_committed: 0.
 - uncommit_free_chunks: 1.
 - use_allocation_guard: 0.
 - handle_deallocations: 1.


Internal statistics:

num_allocs_failed_limit: 0.
num_arena_births: 2.
num_arena_deaths: 0.
num_vsnodes_births: 2.
num_vsnodes_deaths: 0.
num_space_committed: 62.
num_space_uncommitted: 0.
num_chunks_returned_to_freelist: 0.
num_chunks_taken_from_freelist: 4.
num_chunk_merges: 0.
num_chunk_splits: 1.
num_chunks_enlarged: 0.
num_purges: 0.
num_inconsistent_stats: 0.

CodeHeap 'non-profiled nmethods': size=120000Kb used=14Kb max_used=14Kb free=119985Kb
 bounds [0x0000023187ad0000, 0x0000023187d40000, 0x000002318f000000]
CodeHeap 'profiled nmethods': size=120000Kb used=48Kb max_used=48Kb free=119951Kb
 bounds [0x00000231805a0000, 0x0000023180810000, 0x0000023187ad0000]
CodeHeap 'non-nmethods': size=5760Kb used=1066Kb max_used=1066Kb free=4693Kb
 bounds [0x0000023180000000, 0x0000023180270000, 0x00000231805a0000]
 total_blobs=380 nmethods=46 adapters=249
 compilation: enabled
              stopped_count=0, restarted_count=0
 full_count=0

Compilation events (20 events):
Event: 0.097 Thread 0x00000231fdc61b80   26       1       java.lang.module.ModuleReference::descriptor (5 bytes)
Event: 0.097 Thread 0x00000231fdc61b80 nmethod 26 0x0000023187ad0990 code [0x0000023187ad0b20, 0x0000023187ad0bf8]
Event: 0.097 Thread 0x00000231fdc61b80   27       3       java.net.URI::hash (33 bytes)
Event: 0.098 Thread 0x00000231fdc61b80 nmethod 27 0x00000231805a7510 code [0x00000231805a7700, 0x00000231805a7b98]
Event: 0.105 Thread 0x00000231fdc61b80   28       3       java.util.concurrent.ConcurrentHashMap::tabAt (22 bytes)
Event: 0.106 Thread 0x00000231fdc61b80 nmethod 28 0x00000231805a7d90 code [0x00000231805a7f40, 0x00000231805a81f8]
Event: 0.106 Thread 0x00000231fdc61b80   29       3       jdk.internal.misc.Unsafe::getReferenceAcquire (7 bytes)
Event: 0.106 Thread 0x00000231fdc61b80 nmethod 29 0x00000231805a8310 code [0x00000231805a84a0, 0x00000231805a85b8]
Event: 0.106 Thread 0x00000231fdc61b80   30       3       java.util.concurrent.ConcurrentHashMap::spread (10 bytes)
Event: 0.106 Thread 0x00000231fdc61b80 nmethod 30 0x00000231805a8690 code [0x00000231805a8820, 0x00000231805a8918]
Event: 0.119 Thread 0x00000231fdc61b80   32       1       java.lang.Enum::ordinal (5 bytes)
Event: 0.119 Thread 0x00000231fdc61b80 nmethod 32 0x0000023187ad0f90 code [0x0000023187ad1120, 0x0000023187ad11f8]
Event: 0.120 Thread 0x00000231fdc61b80   35       3       java.util.concurrent.ConcurrentHashMap::addCount (279 bytes)
Event: 0.121 Thread 0x00000231fdc61b80 nmethod 35 0x00000231805a8990 code [0x00000231805a8be0, 0x00000231805a9568]
Event: 0.121 Thread 0x00000231fdc61b80   37   !   3       java.util.concurrent.ConcurrentHashMap::putVal (433 bytes)
Event: 0.124 Thread 0x00000231fdc61b80 nmethod 37 0x00000231805a9810 code [0x00000231805a9b60, 0x00000231805ab468]
Event: 0.124 Thread 0x00000231fdc61b80   38       3       java.util.concurrent.ConcurrentHashMap$Node::<init> (20 bytes)
Event: 0.124 Thread 0x00000231fdc61b80 nmethod 38 0x00000231805abe10 code [0x00000231805abfa0, 0x00000231805ac138]
Event: 0.132 Thread 0x00000231fdc61b80   44       1       java.lang.Class::getClassLoader0 (5 bytes)
Event: 0.132 Thread 0x00000231fdc61b80 nmethod 44 0x0000023187ad3010 code [0x0000023187ad31a0, 0x0000023187ad3278]

GC Heap History (0 events):
No events

Deoptimization events (0 events):
No events

Classes unloaded (0 events):
No events

Classes redefined (0 events):
No events

Internal exceptions (0 events):
No events

VM Operations (0 events):
No events

Events (20 events):
Event: 0.134 loading class sun/invoke/empty/Empty
Event: 0.134 loading class sun/invoke/empty/Empty done
Event: 0.134 loading class java/lang/invoke/DirectMethodHandle$2
Event: 0.134 loading class java/lang/invoke/DirectMethodHandle$2 done
Event: 0.134 loading class java/lang/invoke/DirectMethodHandle$Accessor
Event: 0.134 loading class java/lang/invoke/DirectMethodHandle$Accessor done
Event: 0.134 loading class java/lang/invoke/MethodHandleImpl$IntrinsicMethodHandle
Event: 0.134 loading class java/lang/invoke/DelegatingMethodHandle
Event: 0.134 loading class java/lang/invoke/DelegatingMethodHandle done
Event: 0.134 loading class java/lang/invoke/MethodHandleImpl$IntrinsicMethodHandle done
Event: 0.134 loading class java/lang/invoke/DelegatingMethodHandle$Holder
Event: 0.135 loading class java/lang/invoke/DelegatingMethodHandle$Holder done
Event: 0.135 loading class sun/invoke/util/Wrapper$1
Event: 0.135 loading class sun/invoke/util/Wrapper$1 done
Event: 0.135 loading class java/lang/invoke/LambdaFormEditor
Event: 0.135 loading class java/lang/invoke/LambdaFormEditor done
Event: 0.136 loading class java/lang/invoke/LambdaFormEditor$TransformKey
Event: 0.136 loading class java/lang/invoke/LambdaFormEditor$TransformKey done
Event: 0.136 loading class java/lang/invoke/LambdaFormBuffer
Event: 0.136 loading class java/lang/invoke/LambdaFormBuffer done


Dynamic libraries:
0x00007ff7227e0000 - 0x00007ff7227ee000 	c:\Users\26067715.TOKENINC\.vscode\extensions\redhat.java-1.4.0\jre\17.0.2-win32-x86_64\bin\java.exe
0x00007fff5dbb0000 - 0x00007fff5dda5000 	C:\Windows\SYSTEM32\ntdll.dll
0x00007fff5d320000 - 0x00007fff5d3de000 	C:\Windows\System32\KERNEL32.DLL
0x00007fff5b2d0000 - 0x00007fff5b598000 	C:\Windows\System32\KERNELBASE.dll
0x00007fff5b5f0000 - 0x00007fff5b6f0000 	C:\Windows\System32\ucrtbase.dll
0x00007fff4f220000 - 0x00007fff4f238000 	c:\Users\26067715.TOKENINC\.vscode\extensions\redhat.java-1.4.0\jre\17.0.2-win32-x86_64\bin\jli.dll
0x00007fff4f200000 - 0x00007fff4f219000 	c:\Users\26067715.TOKENINC\.vscode\extensions\redhat.java-1.4.0\jre\17.0.2-win32-x86_64\bin\VCRUNTIME140.dll
0x00007fff5cbd0000 - 0x00007fff5cd71000 	C:\Windows\System32\USER32.dll
0x00007fff5bb40000 - 0x00007fff5bb62000 	C:\Windows\System32\win32u.dll
0x00007fff45c70000 - 0x00007fff45f0a000 	C:\Windows\WinSxS\amd64_microsoft.windows.common-controls_6595b64144ccf1df_6.0.19041.1110_none_60b5254171f9507e\COMCTL32.dll
0x00007fff5c3e0000 - 0x00007fff5c40b000 	C:\Windows\System32\GDI32.dll
0x00007fff5cd90000 - 0x00007fff5ce2e000 	C:\Windows\System32\msvcrt.dll
0x00007fff5b920000 - 0x00007fff5ba2b000 	C:\Windows\System32\gdi32full.dll
0x00007fff5b880000 - 0x00007fff5b91d000 	C:\Windows\System32\msvcp_win.dll
0x00007fff5d490000 - 0x00007fff5d4c0000 	C:\Windows\System32\IMM32.DLL
0x0000000068000000 - 0x0000000068072000 	C:\Windows\System32\QIPCAP64.dll
0x00007fff5bc00000 - 0x00007fff5bcac000 	C:\Windows\System32\ADVAPI32.dll
0x00007fff5c050000 - 0x00007fff5c0eb000 	C:\Windows\System32\sechost.dll
0x00007fff5bec0000 - 0x00007fff5bfea000 	C:\Windows\System32\RPCRT4.dll
0x00007fff5c410000 - 0x00007fff5cb4f000 	C:\Windows\System32\SHELL32.dll
0x00007fff5a6a0000 - 0x00007fff5a76b000 	C:\Windows\SYSTEM32\DNSAPI.dll
0x00007fff5a660000 - 0x00007fff5a69b000 	C:\Windows\SYSTEM32\IPHLPAPI.DLL
0x00007fff5cb50000 - 0x00007fff5cb58000 	C:\Windows\System32\NSI.dll
0x00007fff50850000 - 0x00007fff5085c000 	c:\Users\26067715.TOKENINC\.vscode\extensions\redhat.java-1.4.0\jre\17.0.2-win32-x86_64\bin\vcruntime140_1.dll
0x00007ffeecff0000 - 0x00007ffeed081000 	c:\Users\26067715.TOKENINC\.vscode\extensions\redhat.java-1.4.0\jre\17.0.2-win32-x86_64\bin\msvcp140.dll
0x00007ffebd940000 - 0x00007ffebe587000 	c:\Users\26067715.TOKENINC\.vscode\extensions\redhat.java-1.4.0\jre\17.0.2-win32-x86_64\bin\server\jvm.dll
0x00007fff41ac0000 - 0x00007fff41ac9000 	C:\Windows\SYSTEM32\WSOCK32.dll
0x00007fff47980000 - 0x00007fff4798a000 	C:\Windows\SYSTEM32\VERSION.dll
0x00007fff3a840000 - 0x00007fff3a867000 	C:\Windows\SYSTEM32\WINMM.dll
0x00007fff5ce30000 - 0x00007fff5ce9b000 	C:\Windows\System32\WS2_32.dll
0x00000231f6a50000 - 0x00000231f6a58000 	C:\Windows\System32\PSAPI.DLL
0x00007fff59b10000 - 0x00007fff59b22000 	C:\Windows\SYSTEM32\kernel.appcore.dll
0x00007fff4f5a0000 - 0x00007fff4f5aa000 	c:\Users\26067715.TOKENINC\.vscode\extensions\redhat.java-1.4.0\jre\17.0.2-win32-x86_64\bin\jimage.dll
0x00007fff598d0000 - 0x00007fff59ab4000 	C:\Windows\SYSTEM32\DBGHELP.DLL
0x00007fff3d2c0000 - 0x00007fff3d2ec000 	C:\Windows\SYSTEM32\dbgcore.DLL
0x00007fff5bb70000 - 0x00007fff5bbf3000 	C:\Windows\System32\bcryptPrimitives.dll
0x00007fff479f0000 - 0x00007fff47a15000 	c:\Users\26067715.TOKENINC\.vscode\extensions\redhat.java-1.4.0\jre\17.0.2-win32-x86_64\bin\java.dll
0x00007fff48930000 - 0x00007fff48948000 	c:\Users\26067715.TOKENINC\.vscode\extensions\redhat.java-1.4.0\jre\17.0.2-win32-x86_64\bin\zip.dll
0x00007fff59070000 - 0x00007fff59800000 	C:\Windows\SYSTEM32\windows.storage.dll
0x00007fff5d790000 - 0x00007fff5dae5000 	C:\Windows\System32\combase.dll
0x00007fff5ab70000 - 0x00007fff5ab9e000 	C:\Windows\SYSTEM32\Wldp.dll
0x00007fff5c0f0000 - 0x00007fff5c19d000 	C:\Windows\System32\SHCORE.dll
0x00007fff5bff0000 - 0x00007fff5c045000 	C:\Windows\System32\shlwapi.dll
0x00007fff5b210000 - 0x00007fff5b22f000 	C:\Windows\SYSTEM32\profapi.dll

dbghelp: loaded successfully - version: 4.0.5 - missing functions: none
symbol engine: initialized successfully - sym options: 0x614 - pdb path: .;c:\Users\26067715.TOKENINC\.vscode\extensions\redhat.java-1.4.0\jre\17.0.2-win32-x86_64\bin;C:\Windows\SYSTEM32;C:\Windows\WinSxS\amd64_microsoft.windows.common-controls_6595b64144ccf1df_6.0.19041.1110_none_60b5254171f9507e;c:\Users\26067715.TOKENINC\.vscode\extensions\redhat.java-1.4.0\jre\17.0.2-win32-x86_64\bin\server

VM Arguments:
jvm_args: --add-modules=ALL-SYSTEM --add-opens=java.base/java.util=ALL-UNNAMED --add-opens=java.base/java.lang=ALL-UNNAMED --add-opens=java.base/sun.nio.fs=ALL-UNNAMED -Declipse.application=org.eclipse.jdt.ls.core.id1 -Dosgi.bundles.defaultStartLevel=4 -Declipse.product=org.eclipse.jdt.ls.core.product -Djava.import.generatesMetadataFilesAtProjectRoot=false -Dfile.encoding=utf8 -DwatchParentProcess=false -XX:+UseParallelGC -XX:GCTimeRatio=4 -XX:AdaptiveSizePolicyWeight=90 -Dsun.zip.disableMemoryMapping=true -Xmx1G -Xms100m 
java_command: c:\Users\26067715.TOKENINC\.vscode\extensions\redhat.java-1.4.0\server\plugins\org.eclipse.equinox.launcher_1.6.400.v20210924-0641.jar -configuration c:\Users\26067715.TOKENINC\AppData\Roaming\Code\User\globalStorage\redhat.java\1.4.0\config_ss_win -data c:\Users\26067715.TOKENINC\AppData\Roaming\Code\User\workspaceStorage\0fae35c8f55a8ce1e2fe4019d02bee47\redhat.java\ss_ws
java_class_path (initial): c:\Users\26067715.TOKENINC\.vscode\extensions\redhat.java-1.4.0\server\plugins\org.eclipse.equinox.launcher_1.6.400.v20210924-0641.jar
Launcher Type: SUN_STANDARD

[Global flags]
    uintx AdaptiveSizePolicyWeight                 = 90                                        {product} {command line}
     intx CICompilerCount                          = 4                                         {product} {ergonomic}
    uintx GCTimeRatio                              = 4                                         {product} {command line}
   size_t InitialHeapSize                          = 104857600                                 {product} {command line}
   size_t MaxHeapSize                              = 1073741824                                {product} {command line}
   size_t MaxNewSize                               = 357564416                                 {product} {ergonomic}
   size_t MinHeapDeltaBytes                        = 524288                                    {product} {ergonomic}
   size_t MinHeapSize                              = 104857600                                 {product} {command line}
   size_t NewSize                                  = 34603008                                  {product} {ergonomic}
    uintx NonNMethodCodeHeapSize                   = 5839372                                {pd product} {ergonomic}
    uintx NonProfiledCodeHeapSize                  = 122909434                              {pd product} {ergonomic}
   size_t OldSize                                  = 70254592                                  {product} {ergonomic}
    uintx ProfiledCodeHeapSize                     = 122909434                              {pd product} {ergonomic}
    uintx ReservedCodeCacheSize                    = 251658240                              {pd product} {ergonomic}
     bool SegmentedCodeCache                       = true                                      {product} {ergonomic}
   size_t SoftMaxHeapSize                          = 1073741824                             {manageable} {ergonomic}
     bool UseCompressedClassPointers               = true                           {product lp64_product} {ergonomic}
     bool UseCompressedOops                        = true                           {product lp64_product} {ergonomic}
     bool UseLargePagesIndividualAllocation        = false                                  {pd product} {ergonomic}
     bool UseParallelGC                            = true                                      {product} {command line}

Logging:
Log output configuration:
 #0: stdout all=warning uptime,level,tags
 #1: stderr all=off uptime,level,tags

Environment Variables:
JAVA_HOME=C:\Program Files\Java\jdk-15.0.2
PATH=C:\Program Files\Common Files\Oracle\Java\javapath;C:\Program Files (x86)\Common Files\Oracle\Java\javapath;C:\Python39\Scripts\;C:\Python39\;C:\Windows\system32;C:\Windows;C:\Windows\System32\Wbem;C:\Windows\System32\WindowsPowerShell\v1.0\;C:\Windows\System32\OpenSSH\;C:\Program Files\nodejs\;C:\ProgramData\chocolatey\bin;C:\Program Files\Microsoft SQL Server\130\Tools\Binn\;C:\Program Files\apache-maven-3.6.3\bin;C:\Program Files\Java\jdk1.8.0_281\bin;C:\Program Files\Git\cmd;C:\Program Files\Amazon\AWSCLIV2\;C:\Program Files\Docker\Docker\resources\bin;C:\ProgramData\DockerDesktop\version-bin;C:\Program Files (x86)\GitExtensions\;C:\Program Files\Perforce\;C:\Users\26067715.TOKENINC\AppData\Local\Microsoft\WindowsApps;C:\Users\26067715.TOKENINC\AppData\Local\Programs\Microsoft VS Code\bin;C:\Users\26067715.TOKENINC\AppData\Roaming\npm;C:\Users\26067715.TOKENINC\.dotnet\tools;C:\Program Files\apache-maven-3.6.3\bin;D:\IntelliJ IDEA 2020.3.2\bin;C:\Program Files\Java\jdk1.8.0_281\bin;C:\Users\26067715.TOKENINC\AppData\Local\gitkraken\bin;C:\Program Files\Git\usr\bin;C:\Program Files\nexus-3.30.0-01\bin;D:\Users\26067715\Robi\heroku\bin;C:\minikube;;D:\Users\26067715\Robi\IntelliJ IDEA 2021.2.3\bin;;C:\Users\26067715.TOKENINC\.dotnet\tools;C:\Users\26067715.TOKENINC\AppData\Local\Programs\Fiddler
USERNAME=26067715
OS=Windows_NT
PROCESSOR_IDENTIFIER=Intel64 Family 6 Model 142 Stepping 12, GenuineIntel



---------------  S Y S T E M  ---------------

OS:
 Windows 10 , 64 bit Build 19041 (10.0.19041.1348)
OS uptime: 1 days 11:33 hours
Hyper-V role detected

CPU: total 8 (initial active 8) (4 cores per cpu, 2 threads per core) family 6 model 142 stepping 12 microcode 0xde, cx8, cmov, fxsr, ht, mmx, 3dnowpref, sse, sse2, sse3, ssse3, sse4.1, sse4.2, popcnt, lzcnt, tsc, tscinvbit, avx, avx2, aes, erms, clmul, bmi1, bmi2, adx, fma, vzeroupper, clflush, clflushopt, hv

Memory: 4k page, system-wide physical 32364M (16096M free)
TotalPageFile size 43451M (AvailPageFile size 12M)
current process WorkingSet (physical memory assigned to process): 27M, peak: 27M
current process commit charge ("private bytes"): 182M, peak: 182M

vm_info: OpenJDK 64-Bit Server VM (17.0.2+8) for windows-amd64 JRE (17.0.2+8), built on Jan 20 2022 04:52:34 by "" with MS VC++ 16.7 (VS2019)

END.
